::1 - - [26/Feb/2026 18:59:51] "GET / HTTP/1.1" 200 -
::1 - - [26/Feb/2026 18:59:51] "GET /assets/site-CowvP55N.webmanifest HTTP/1.1" 200 -
::1 - - [26/Feb/2026 18:59:51] "GET /assets/homepage-D6GbVUca.js HTTP/1.1" 200 -
::1 - - [26/Feb/2026 18:59:51] "GET /assets/global-swiper-CIEx1VyH.js HTTP/1.1" 200 -
::1 - - [26/Feb/2026 18:59:51] "GET /assets/app-BQkjxnTB.css HTTP/1.1" 200 -
::1 - - [26/Feb/2026 18:59:51] "GET /assets/homepage-DUfNMqJf.css HTTP/1.1" 200 -
::1 - - [26/Feb/2026 18:59:51] "GET /assets/detect-scroll-direction-CMTv0ZBx.js HTTP/1.1" 200 -
::1 - - [26/Feb/2026 18:59:51] "GET /assets/marquee-DoEEElvA.js HTTP/1.1" 200 -
::1 - - [26/Feb/2026 18:59:51] "GET /assets/drag-follower-CaHV_THh.js HTTP/1.1" 200 -
::1 - - [26/Feb/2026 18:59:51] "GET /assets/shared-animations-C6NHXnxh.js HTTP/1.1" 200 -
::1 - - [26/Feb/2026 18:59:51] "GET /assets/uptown-logo-BvfPjYk8.png HTTP/1.1" 200 -
::1 - - [26/Feb/2026 18:59:51] "GET /assets/menu-image-o9Z7G9pj.webp HTTP/1.1" 200 -
::1 - - [26/Feb/2026 18:59:51] "GET /assets/hero-shadow-C_dxtPeI.avif HTTP/1.1" 200 -
::1 - - [26/Feb/2026 18:59:51] "GET /assets/hero-screen-1-D7I92d4H.webp HTTP/1.1" 200 -
::1 - - [26/Feb/2026 18:59:51] "GET /assets/hero-center-BCaaP5iL.png HTTP/1.1" 200 -
::1 - - [26/Feb/2026 18:59:51] "GET /assets/hero-screen-2-DrpSS_Vn.webp HTTP/1.1" 200 -
::1 - - [26/Feb/2026 18:59:51] "GET /assets/hero-screen-3-c_rohBUT.webp HTTP/1.1" 200 -
::1 - - [26/Feb/2026 18:59:51] "GET /assets/lines-1-Qr38Z-nF.webp HTTP/1.1" 200 -
::1 - - [26/Feb/2026 18:59:52] "GET /assets/hero-sc2-B12iBfl-.avif HTTP/1.1" 200 -
::1 - - [26/Feb/2026 18:59:52] "GET /assets/project-1-CgjlQV5Q.webp HTTP/1.1" 200 -
::1 - - [26/Feb/2026 18:59:52] "GET /assets/project-2-BnzO0N21.webp HTTP/1.1" 200 -
::1 - - [26/Feb/2026 18:59:52] "GET /assets/project-3-C6YK5w1q.webp HTTP/1.1" 200 -
::1 - - [26/Feb/2026 18:59:52] "GET /assets/project-4-DCwOO40E.webp HTTP/1.1" 200 -
::1 - - [26/Feb/2026 18:59:52] "GET /assets/lines-2-y9dv42Ce.webp HTTP/1.1" 200 -
::1 - - [26/Feb/2026 18:59:52] "GET /assets/choice-background-CtCIvw6A.avif HTTP/1.1" 200 -
::1 - - [26/Feb/2026 18:59:52] "GET /assets/letters-L72pHsEE.webp HTTP/1.1" 200 -
::1 - - [26/Feb/2026 18:59:52] "GET /assets/review-user-ali-CemV8SSu.png HTTP/1.1" 200 -
::1 - - [26/Feb/2026 18:59:52] "GET /assets/review-user-akash-DZgECTpW.png HTTP/1.1" 200 -
::1 - - [26/Feb/2026 18:59:52] "GET /assets/review-user-yana-CnR2oWKW.png HTTP/1.1" 200 -
::1 - - [26/Feb/2026 18:59:52] "GET /assets/location-Q0z4vYJT.webp HTTP/1.1" 200 -
::1 - - [26/Feb/2026 18:59:52] "GET /assets/footer-img-qOMPXiNy.webp HTTP/1.1" 200 -
::1 - - [26/Feb/2026 18:59:53] "GET /assets/lines-2-mobile-D4K9UIlM.webp HTTP/1.1" 200 -
::1 - - [26/Feb/2026 18:59:53] "GET /assets/futura-medium-BYpzSkPa.woff HTTP/1.1" 200 -
::1 - - [26/Feb/2026 18:59:53] "GET /assets/uptown-showcase-SvDi3Pul.mp4 HTTP/1.1" 200 -
::1 - - [26/Feb/2026 18:59:53] "GET /assets/uptown-showcase-SvDi3Pul.mp4 HTTP/1.1" 200 -
::1 - - [26/Feb/2026 18:59:53] "GET /assets/contemporary-left-BqpaZZO6.avif HTTP/1.1" 200 -
::1 - - [26/Feb/2026 18:59:53] "GET /assets/contemporary-center-Cy1UF1UF.avif HTTP/1.1" 200 -
::1 - - [26/Feb/2026 18:59:53] "GET /assets/contemporary-right-BGFk98DL.avif HTTP/1.1" 200 -
::1 - - [26/Feb/2026 18:59:53] "GET /assets/contemporary-center-back-MRHJVZZb.avif HTTP/1.1" 200 -
::1 - - [26/Feb/2026 18:59:57] "GET /assets/apple-touch-icon-Cl2TW7YV.png HTTP/1.1" 200 -
::1 - - [26/Feb/2026 19:00:18] "GET /assets/engineers-4-CF7hJjnb.webp HTTP/1.1" 200 -
::1 - - [26/Feb/2026 19:00:18] "GET /assets/engineers-5-Dhwq0MSh.webp HTTP/1.1" 200 -
::1 - - [26/Feb/2026 19:00:18] "GET /assets/engineers-7-DUtWwN1m.avif HTTP/1.1" 200 -
::1 - - [26/Feb/2026 19:00:18] "GET /assets/engineers-8-BBY5_l4c.avif HTTP/1.1" 200 -
::1 - - [26/Feb/2026 19:00:18] "GET /assets/engineers-10-OTLoLSu5.avif HTTP/1.1" 200 -
::1 - - [26/Feb/2026 19:00:18] "GET /assets/engineers-11-D6FlRDrG.avif HTTP/1.1" 200 -
::1 - - [26/Feb/2026 19:00:18] "GET /assets/engineers-12-DmWN4WJ1.avif HTTP/1.1" 200 -
::1 - - [26/Feb/2026 19:00:19] "GET /assets/clients-9-Dwf5E9_s.avif HTTP/1.1" 200 -
::1 - - [26/Feb/2026 19:00:19] "GET /assets/clients-5-Cmj-peFd.avif HTTP/1.1" 200 -
::1 - - [26/Feb/2026 19:00:19] "GET /assets/clients-3-BOeL_P9V.avif HTTP/1.1" 200 -
::1 - - [26/Feb/2026 19:00:19] "GET /assets/clients-1-BwpNnFQm.avif HTTP/1.1" 200 -
::1 - - [26/Feb/2026 19:00:19] "GET /assets/clients-4-mAjam0Ab.avif HTTP/1.1" 200 -
::1 - - [26/Feb/2026 19:00:19] "GET /assets/clients-2-CZBwPYdi.avif HTTP/1.1" 200 -
::1 - - [26/Feb/2026 19:00:19] "GET /assets/clients-6-CVPniRE2.avif HTTP/1.1" 200 -
::1 - - [26/Feb/2026 19:00:19] "GET /assets/clients-7-Db0kjFeA.avif HTTP/1.1" 200 -
::1 - - [26/Feb/2026 19:00:19] "GET /assets/clients-10-89P7sGO9.avif HTTP/1.1" 200 -
::1 - - [26/Feb/2026 19:00:19] "GET /assets/clients-8-9s9QL_X4.avif HTTP/1.1" 200 -
::1 - - [26/Feb/2026 19:00:20] "GET /assets/partners-9-wkReD7Mt.png HTTP/1.1" 200 -
::1 - - [26/Feb/2026 19:00:20] "GET /assets/partners-1-D7HM9Wfj.png HTTP/1.1" 200 -
::1 - - [26/Feb/2026 19:00:20] "GET /assets/partners-5-CxBFJGgy.png HTTP/1.1" 200 -
::1 - - [26/Feb/2026 19:00:20] "GET /assets/partners-3-BNjolVD7.png HTTP/1.1" 200 -
::1 - - [26/Feb/2026 19:00:20] "GET /assets/partners-4-CDst3WyU.png HTTP/1.1" 200 -
::1 - - [26/Feb/2026 19:00:20] "GET /assets/partners-2-gpnSmaoA.png HTTP/1.1" 200 -
::1 - - [26/Feb/2026 19:00:20] "GET /assets/partners-6-DB-EoOTo.png HTTP/1.1" 200 -
::1 - - [26/Feb/2026 19:00:20] "GET /assets/partners-7-Dp6pIgYj.png HTTP/1.1" 200 -
::1 - - [26/Feb/2026 19:00:20] "GET /assets/partners-8-V8gaMO_-.png HTTP/1.1" 200 -
::1 - - [26/Feb/2026 19:00:20] "GET /assets/partners-10-Cf-y0oso.png HTTP/1.1" 200 -
::1 - - [26/Feb/2026 19:00:20] "GET /assets/dark-gradient-X3028XaK.avif HTTP/1.1" 200 -
::1 - - [26/Feb/2026 19:00:21] "GET /assets/reviews-background-DaLEvkAd.webp HTTP/1.1" 200 -
::1 - - [26/Feb/2026 19:00:22] "GET /assets/map-C_2MWkJ_.webp HTTP/1.1" 200 -
::1 - - [26/Feb/2026 19:00:22] "GET /assets/pin-Ckk56Ywx.png HTTP/1.1" 200 -
::1 - - [26/Feb/2026 19:04:35] "GET /about.html HTTP/1.1" 200 -
::1 - - [26/Feb/2026 19:04:35] "GET /assets/about-us-D11SR59E.js HTTP/1.1" 200 -
::1 - - [26/Feb/2026 19:04:35] "GET /assets/about-us-BMaAuvcT.css HTTP/1.1" 200 -
::1 - - [26/Feb/2026 19:04:35] "GET /assets/hero-background-Rk6TMBAb.webp HTTP/1.1" 200 -
::1 - - [26/Feb/2026 19:04:35] "GET /assets/creating-image-yL_EfwDX.webp HTTP/1.1" 200 -
::1 - - [26/Feb/2026 19:04:35] "GET /assets/mission-image-6ENb5cHv.webp HTTP/1.1" 200 -
::1 - - [26/Feb/2026 19:04:35] "GET /assets/auto-gallery-1-B5a-VuMI.avif HTTP/1.1" 200 -
::1 - - [26/Feb/2026 19:04:35] "GET /assets/auto-gallery-2-pnHDYxco.avif HTTP/1.1" 200 -
::1 - - [26/Feb/2026 19:04:35] "GET /assets/auto-gallery-3-BbsUWwQx.avif HTTP/1.1" 200 -
::1 - - [26/Feb/2026 19:04:35] "GET /assets/auto-gallery-4-DiQdAboi.avif HTTP/1.1" 200 -
::1 - - [26/Feb/2026 19:04:35] "GET /assets/auto-gallery-5-CqbpMtG5.avif HTTP/1.1" 200 -
::1 - - [26/Feb/2026 19:04:35] "GET /assets/auto-gallery-6-DFbwx9yy.avif HTTP/1.1" 200 -
::1 - - [26/Feb/2026 19:04:35] "GET /assets/lines-3-U_NPB4wk.webp HTTP/1.1" 200 -
::1 - - [26/Feb/2026 19:04:35] "GET /assets/safety-background-BdozDaG7.webp HTTP/1.1" 200 -
::1 - - [26/Feb/2026 19:04:35] "GET /assets/uptown-showcase-SvDi3Pul.mp4 HTTP/1.1" 200 -
::1 - - [26/Feb/2026 19:04:36] "GET /assets/favicon-32x32-BL25MEGr.png HTTP/1.1" 200 -
::1 - - [26/Feb/2026 19:04:36] "GET /assets/favicon-16x16-DPudXOeL.png HTTP/1.1" 200 -
::1 - - [26/Feb/2026 19:04:39] "GET /assets/team-2-Dx7ktYI-.webp HTTP/1.1" 200 -
::1 - - [26/Feb/2026 19:04:39] "GET /assets/team-3-DNaZRa9m.webp HTTP/1.1" 200 -
::1 - - [26/Feb/2026 19:04:39] "GET /assets/team-1-BbYwF_zE.webp HTTP/1.1" 200 -
::1 - - [26/Feb/2026 19:05:14] "GET /services.html HTTP/1.1" 200 -
::1 - - [26/Feb/2026 19:05:14] "GET /assets/services-C4hVWhyp.css HTTP/1.1" 200 -
::1 - - [26/Feb/2026 19:05:14] "GET /assets/services-BwfkQ9Lf.js HTTP/1.1" 200 -
::1 - - [26/Feb/2026 19:05:14] "GET /assets/roadmap-bg1-landscape-C5Q1SbJH.avif HTTP/1.1" 200 -
::1 - - [26/Feb/2026 19:05:14] "GET /assets/roadmap-bg2-landscape-zINaSeIO.avif HTTP/1.1" 200 -
::1 - - [26/Feb/2026 19:05:14] "GET /assets/roadmap-bg3-landscape-C0aAsjtx.avif HTTP/1.1" 200 -
::1 - - [26/Feb/2026 19:05:14] "GET /assets/roadmap-bg4-landscape-ye21cIqh.avif HTTP/1.1" 200 -
::1 - - [26/Feb/2026 19:05:14] "GET /assets/roadmap-bg6-landscape-C6VmZOS8.avif HTTP/1.1" 200 -
::1 - - [26/Feb/2026 19:05:14] "GET /assets/roadmap-bg5-landscape-8pwzwjFX.avif HTTP/1.1" 200 -
::1 - - [26/Feb/2026 19:05:14] "GET /assets/roadmap-bg7-landscape-D2ZLw_Yw.avif HTTP/1.1" 200 -
::1 - - [26/Feb/2026 19:05:14] "GET /assets/roadmap-bg8-landscape-DSeV_BNH.avif HTTP/1.1" 200 -
::1 - - [26/Feb/2026 19:05:14] "GET /assets/roadmap-bg14-landscape-_t52Pie3.avif HTTP/1.1" 200 -
::1 - - [26/Feb/2026 19:05:14] "GET /assets/roadmap-bg16-landscape-DCjckXti.avif HTTP/1.1" 200 -
::1 - - [26/Feb/2026 19:05:14] "GET /assets/roadmap-bg15-landscape-DP9IVtLa.avif HTTP/1.1" 200 -
::1 - - [26/Feb/2026 19:05:14] "GET /assets/roadmap-bg12-landscape-CB39FRL6.avif HTTP/1.1" 200 -
::1 - - [26/Feb/2026 19:05:14] "GET /assets/roadmap-bg10-landscape-Bu85s3Cs.avif HTTP/1.1" 200 -
::1 - - [26/Feb/2026 19:05:14] "GET /assets/roadmap-bg13-landscape-CZwJtQmR.avif HTTP/1.1" 200 -
::1 - - [26/Feb/2026 19:05:14] "GET /assets/roadmap-bg9-landscape-C7QwxdF0.avif HTTP/1.1" 200 -
::1 - - [26/Feb/2026 19:05:14] "GET /assets/roadmap-bg11-landscape-iCIR8baC.avif HTTP/1.1" 200 -
::1 - - [26/Feb/2026 19:05:14] "GET /assets/qualities-5-C-tubOnm.avif HTTP/1.1" 200 -
::1 - - [26/Feb/2026 19:05:14] "GET /assets/qualities-1-DopER2Lu.avif HTTP/1.1" 200 -
::1 - - [26/Feb/2026 19:05:14] "GET /assets/qualities-2-BrPElU0M.avif HTTP/1.1" 200 -
::1 - - [26/Feb/2026 19:05:14] "GET /assets/planning-1-VJSRUVaE.avif HTTP/1.1" 200 -
::1 - - [26/Feb/2026 19:05:14] "GET /assets/planning-2-BmjYeAXk.avif HTTP/1.1" 200 -
::1 - - [26/Feb/2026 19:05:14] "GET /assets/planning-3-C3t2e9L3.avif HTTP/1.1" 200 -
::1 - - [26/Feb/2026 19:05:14] "GET /assets/planning-4-Ci-ApK2w.avif HTTP/1.1" 200 -
::1 - - [26/Feb/2026 19:05:14] "GET /assets/planning-5-DE4NL4q8.avif HTTP/1.1" 200 -
::1 - - [26/Feb/2026 19:05:14] "GET /assets/planning-6-BcHUs8jI.avif HTTP/1.1" 200 -
::1 - - [26/Feb/2026 19:05:14] "GET /assets/planning-7-baxb4Uu-.avif HTTP/1.1" 200 -
::1 - - [26/Feb/2026 19:05:14] "GET /assets/qualities-3-Cmj46HRa.avif HTTP/1.1" 200 -
::1 - - [26/Feb/2026 19:05:14] "GET /assets/qualities-4-DnNZB2wz.avif HTTP/1.1" 200 -
::1 - - [26/Feb/2026 19:05:14] "GET /assets/qualities-6-mLlP6-cB.avif HTTP/1.1" 200 -
::1 - - [26/Feb/2026 19:05:57] "GET /assets/planning-8-CVoCl0u3.avif HTTP/1.1" 200 -
::1 - - [26/Feb/2026 19:05:57] "GET /assets/planning-9-BMyzCawk.avif HTTP/1.1" 200 -
::1 - - [26/Feb/2026 19:05:58] "GET /assets/planning-10-DBhe8CXi.avif HTTP/1.1" 200 -
::1 - - [26/Feb/2026 19:06:13] "GET /contact.html HTTP/1.1" 200 -
::1 - - [26/Feb/2026 19:06:13] code 404, message File not found
::1 - - [26/Feb/2026 19:06:13] code 404, message File not found
::1 - - [26/Feb/2026 19:06:13] "GET /dist/css/contact.min.css HTTP/1.1" 404 -
::1 - - [26/Feb/2026 19:06:13] "GET /site.webmanifest HTTP/1.1" 404 -
::1 - - [26/Feb/2026 19:06:13] "GET /assets/contact-us-BmLenwA_.css HTTP/1.1" 200 -
::1 - - [26/Feb/2026 19:06:13] "GET /assets/contact-us-B4x5Mr_m.js HTTP/1.1" 200 -
::1 - - [26/Feb/2026 19:06:13] "GET /assets/hero-background-D8JbigoN.webp HTTP/1.1" 200 -
::1 - - [26/Feb/2026 19:06:33] "GET /team.html HTTP/1.1" 200 -
::1 - - [26/Feb/2026 19:06:33] "GET /assets/team-D0RJPu31.css HTTP/1.1" 200 -
::1 - - [26/Feb/2026 19:06:33] "GET /assets/team-B8daL4ew.js HTTP/1.1" 200 -
::1 - - [26/Feb/2026 19:06:33] "GET /assets/hero-background-MWFsdaP-.webp HTTP/1.1" 200 -
::1 - - [26/Feb/2026 19:21:13] "GET /index.html HTTP/1.1" 200 -
::1 - - [26/Feb/2026 19:21:13] code 404, message File not found
::1 - - [26/Feb/2026 19:21:13] "GET /assets/images/loop-layer.webp HTTP/1.1" 404 -
::1 - - [26/Feb/2026 19:21:13] code 404, message File not found
::1 - - [26/Feb/2026 19:21:13] "GET /assets/images/hero-layer.webp HTTP/1.1" 404 -
::1 - - [26/Feb/2026 19:21:14] "GET /assets/uptown-showcase-SvDi3Pul.mp4 HTTP/1.1" 200 -
::1 - - [26/Feb/2026 19:21:14] "GET /assets/uptown-showcase-SvDi3Pul.mp4 HTTP/1.1" 200 -
::1 - - [26/Feb/2026 19:21:23] "GET / HTTP/1.1" 200 -
::1 - - [26/Feb/2026 19:21:23] "GET /assets/app-BQkjxnTB.css HTTP/1.1" 200 -
::1 - - [26/Feb/2026 19:21:23] "GET /assets/homepage-DUfNMqJf.css HTTP/1.1" 200 -
::1 - - [26/Feb/2026 19:21:23] "GET /assets/homepage-D6GbVUca.js HTTP/1.1" 200 -
::1 - - [26/Feb/2026 19:21:23] "GET /assets/global-swiper-CIEx1VyH.js HTTP/1.1" 200 -
::1 - - [26/Feb/2026 19:21:23] "GET /assets/detect-scroll-direction-CMTv0ZBx.js HTTP/1.1" 200 -
::1 - - [26/Feb/2026 19:21:23] "GET /assets/shared-animations-C6NHXnxh.js HTTP/1.1" 200 -
::1 - - [26/Feb/2026 19:21:23] "GET /assets/drag-follower-CaHV_THh.js HTTP/1.1" 200 -
::1 - - [26/Feb/2026 19:21:23] "GET /assets/marquee-DoEEElvA.js HTTP/1.1" 200 -
::1 - - [26/Feb/2026 19:21:23] "GET /assets/uptown-logo-BvfPjYk8.png HTTP/1.1" 200 -
::1 - - [26/Feb/2026 19:21:23] "GET /assets/menu-image-o9Z7G9pj.webp HTTP/1.1" 200 -
::1 - - [26/Feb/2026 19:21:23] "GET /assets/hero-screen-1-D7I92d4H.webp HTTP/1.1" 200 -
::1 - - [26/Feb/2026 19:21:23] "GET /assets/hero-shadow-C_dxtPeI.avif HTTP/1.1" 200 -
::1 - - [26/Feb/2026 19:21:23] "GET /assets/hero-center-BCaaP5iL.png HTTP/1.1" 200 -
::1 - - [26/Feb/2026 19:21:23] "GET /assets/hero-sc2-B12iBfl-.avif HTTP/1.1" 200 -
::1 - - [26/Feb/2026 19:21:23] "GET /assets/lines-1-Qr38Z-nF.webp HTTP/1.1" 200 -
::1 - - [26/Feb/2026 19:21:23] "GET /assets/futura-medium-BYpzSkPa.woff HTTP/1.1" 200 -
::1 - - [26/Feb/2026 19:21:23] "GET /assets/hero-screen-2-DrpSS_Vn.webp HTTP/1.1" 200 -
::1 - - [26/Feb/2026 19:21:24] "GET /assets/site-CowvP55N.webmanifest HTTP/1.1" 200 -
::1 - - [26/Feb/2026 19:21:24] "GET /assets/hero-screen-3-c_rohBUT.webp HTTP/1.1" 200 -
::1 - - [26/Feb/2026 19:21:24] "GET /assets/project-1-CgjlQV5Q.webp HTTP/1.1" 200 -
::1 - - [26/Feb/2026 19:21:24] "GET /assets/project-2-BnzO0N21.webp HTTP/1.1" 200 -
::1 - - [26/Feb/2026 19:21:24] "GET /assets/project-4-DCwOO40E.webp HTTP/1.1" 200 -
::1 - - [26/Feb/2026 19:21:24] "GET /assets/project-3-C6YK5w1q.webp HTTP/1.1" 200 -
::1 - - [26/Feb/2026 19:21:24] "GET /assets/lines-2-y9dv42Ce.webp HTTP/1.1" 200 -
::1 - - [26/Feb/2026 19:21:24] "GET /assets/review-user-ali-CemV8SSu.png HTTP/1.1" 200 -
::1 - - [26/Feb/2026 19:21:24] "GET /assets/choice-background-CtCIvw6A.avif HTTP/1.1" 200 -
::1 - - [26/Feb/2026 19:21:24] "GET /assets/review-user-akash-DZgECTpW.png HTTP/1.1" 200 -
::1 - - [26/Feb/2026 19:21:24] "GET /assets/review-user-yana-CnR2oWKW.png HTTP/1.1" 200 -
::1 - - [26/Feb/2026 19:21:24] "GET /assets/letters-L72pHsEE.webp HTTP/1.1" 200 -
::1 - - [26/Feb/2026 19:21:24] "GET /assets/location-Q0z4vYJT.webp HTTP/1.1" 200 -
::1 - - [26/Feb/2026 19:21:24] "GET /assets/footer-img-qOMPXiNy.webp HTTP/1.1" 200 -
::1 - - [26/Feb/2026 19:21:24] "GET /assets/lines-2-mobile-D4K9UIlM.webp HTTP/1.1" 200 -
::1 - - [26/Feb/2026 19:21:24] "GET /assets/uptown-showcase-SvDi3Pul.mp4 HTTP/1.1" 200 -
::1 - - [26/Feb/2026 19:21:24] "GET /assets/contemporary-center-Cy1UF1UF.avif HTTP/1.1" 200 -
::1 - - [26/Feb/2026 19:21:24] "GET /assets/contemporary-left-BqpaZZO6.avif HTTP/1.1" 200 -
::1 - - [26/Feb/2026 19:21:24] "GET /assets/contemporary-right-BGFk98DL.avif HTTP/1.1" 200 -
::1 - - [26/Feb/2026 19:21:24] "GET /assets/contemporary-center-back-MRHJVZZb.avif HTTP/1.1" 200 -
::1 - - [26/Feb/2026 19:21:27] "GET /assets/favicon-32x32-BL25MEGr.png HTTP/1.1" 200 -
::1 - - [26/Feb/2026 19:25:07] "GET /assets/engineers-4-CF7hJjnb.webp HTTP/1.1" 200 -
::1 - - [26/Feb/2026 19:25:07] "GET /assets/engineers-5-Dhwq0MSh.webp HTTP/1.1" 200 -
::1 - - [26/Feb/2026 19:25:07] "GET /assets/engineers-7-DUtWwN1m.avif HTTP/1.1" 200 -
::1 - - [26/Feb/2026 19:25:07] "GET /assets/engineers-11-D6FlRDrG.avif HTTP/1.1" 200 -
::1 - - [26/Feb/2026 19:25:07] "GET /assets/engineers-12-DmWN4WJ1.avif HTTP/1.1" 200 -
::1 - - [26/Feb/2026 19:25:08] "GET /assets/clients-9-Dwf5E9_s.avif HTTP/1.1" 200 -
::1 - - [26/Feb/2026 19:25:08] "GET /assets/clients-1-BwpNnFQm.avif HTTP/1.1" 200 -
::1 - - [26/Feb/2026 19:25:08] "GET /assets/clients-3-BOeL_P9V.avif HTTP/1.1" 200 -
::1 - - [26/Feb/2026 19:25:08] "GET /assets/clients-5-Cmj-peFd.avif HTTP/1.1" 200 -
::1 - - [26/Feb/2026 19:25:08] "GET /assets/clients-2-CZBwPYdi.avif HTTP/1.1" 200 -
::1 - - [26/Feb/2026 19:25:08] "GET /assets/clients-4-mAjam0Ab.avif HTTP/1.1" 200 -
::1 - - [26/Feb/2026 19:25:08] "GET /assets/clients-6-CVPniRE2.avif HTTP/1.1" 200 -
::1 - - [26/Feb/2026 19:25:08] "GET /assets/clients-7-Db0kjFeA.avif HTTP/1.1" 200 -
::1 - - [26/Feb/2026 19:25:08] "GET /assets/clients-8-9s9QL_X4.avif HTTP/1.1" 200 -
::1 - - [26/Feb/2026 19:25:08] "GET /assets/clients-10-89P7sGO9.avif HTTP/1.1" 200 -
::1 - - [26/Feb/2026 19:25:13] "GET /assets/partners-9-wkReD7Mt.png HTTP/1.1" 200 -
::1 - - [26/Feb/2026 19:25:13] "GET /assets/partners-5-CxBFJGgy.png HTTP/1.1" 200 -
::1 - - [26/Feb/2026 19:25:13] "GET /assets/partners-1-D7HM9Wfj.png HTTP/1.1" 200 -
::1 - - [26/Feb/2026 19:25:13] "GET /assets/partners-3-BNjolVD7.png HTTP/1.1" 200 -
::1 - - [26/Feb/2026 19:25:13] "GET /assets/partners-4-CDst3WyU.png HTTP/1.1" 200 -
::1 - - [26/Feb/2026 19:25:13] "GET /assets/partners-2-gpnSmaoA.png HTTP/1.1" 200 -
::1 - - [26/Feb/2026 19:25:13] "GET /assets/partners-6-DB-EoOTo.png HTTP/1.1" 200 -
::1 - - [26/Feb/2026 19:25:52] "GET /assets/app-BQkjxnTB.css HTTP/1.1" 304 -
::1 - - [26/Feb/2026 19:25:55] "GET /assets/dark-gradient-X3028XaK.avif HTTP/1.1" 200 -
::1 - - [26/Feb/2026 19:25:56] "GET /assets/reviews-background-DaLEvkAd.webp HTTP/1.1" 200 -
::1 - - [26/Feb/2026 19:25:56] "GET /assets/map-C_2MWkJ_.webp HTTP/1.1" 200 -
::1 - - [26/Feb/2026 19:25:57] "GET /assets/pin-Ckk56Ywx.png HTTP/1.1" 200 -
::1 - - [26/Feb/2026 19:40:53] "GET /index.html HTTP/1.1" 200 -
::1 - - [26/Feb/2026 19:40:53] "GET /assets/app-BQkjxnTB.css HTTP/1.1" 200 -
::1 - - [26/Feb/2026 19:40:53] "GET /assets/homepage-DUfNMqJf.css HTTP/1.1" 200 -
::1 - - [26/Feb/2026 19:40:53] "GET /assets/homepage-D6GbVUca.js HTTP/1.1" 200 -
::1 - - [26/Feb/2026 19:40:53] "GET /assets/global-swiper-CIEx1VyH.js HTTP/1.1" 200 -
::1 - - [26/Feb/2026 19:40:53] "GET /assets/shared-animations-C6NHXnxh.js HTTP/1.1" 200 -
::1 - - [26/Feb/2026 19:40:53] "GET /assets/detect-scroll-direction-CMTv0ZBx.js HTTP/1.1" 200 -
::1 - - [26/Feb/2026 19:40:53] "GET /assets/marquee-DoEEElvA.js HTTP/1.1" 200 -
::1 - - [26/Feb/2026 19:40:53] "GET /assets/drag-follower-CaHV_THh.js HTTP/1.1" 200 -
::1 - - [26/Feb/2026 19:41:20] "GET /assets/partners-7-Dp6pIgYj.png HTTP/1.1" 200 -
::1 - - [26/Feb/2026 19:41:42] "GET / HTTP/1.1" 200 -
::1 - - [26/Feb/2026 19:41:42] "GET /assets/app-BQkjxnTB.css HTTP/1.1" 304 -
::1 - - [26/Feb/2026 19:41:42] "GET /assets/homepage-DUfNMqJf.css HTTP/1.1" 304 -
::1 - - [26/Feb/2026 19:41:42] "GET /assets/homepage-D6GbVUca.js HTTP/1.1" 304 -
::1 - - [26/Feb/2026 19:41:42] "GET /assets/detect-scroll-direction-CMTv0ZBx.js HTTP/1.1" 304 -
::1 - - [26/Feb/2026 19:41:42] "GET /assets/global-swiper-CIEx1VyH.js HTTP/1.1" 304 -
::1 - - [26/Feb/2026 19:41:42] "GET /assets/shared-animations-C6NHXnxh.js HTTP/1.1" 304 -
::1 - - [26/Feb/2026 19:41:42] "GET /assets/marquee-DoEEElvA.js HTTP/1.1" 304 -
::1 - - [26/Feb/2026 19:41:42] "GET /assets/drag-follower-CaHV_THh.js HTTP/1.1" 304 -
::1 - - [26/Feb/2026 19:41:42] "GET /assets/uptown-showcase-SvDi3Pul.mp4 HTTP/1.1" 200 -
::1 - - [26/Feb/2026 19:47:46] "GET /assets/uptown-showcase-SvDi3Pul.mp4 HTTP/1.1" 200 -
::1 - - [26/Feb/2026 19:47:50] "GET / HTTP/1.1" 304 -
::1 - - [26/Feb/2026 19:47:50] "GET /assets/app-BQkjxnTB.css HTTP/1.1" 304 -
::1 - - [26/Feb/2026 19:47:50] "GET /assets/homepage-DUfNMqJf.css HTTP/1.1" 304 -
::1 - - [26/Feb/2026 19:47:50] "GET /assets/detect-scroll-direction-CMTv0ZBx.js HTTP/1.1" 304 -
::1 - - [26/Feb/2026 19:47:50] "GET /assets/homepage-D6GbVUca.js HTTP/1.1" 304 -
::1 - - [26/Feb/2026 19:47:50] "GET /assets/global-swiper-CIEx1VyH.js HTTP/1.1" 304 -
::1 - - [26/Feb/2026 19:47:50] "GET /assets/shared-animations-C6NHXnxh.js HTTP/1.1" 304 -
::1 - - [26/Feb/2026 19:47:50] "GET /assets/marquee-DoEEElvA.js HTTP/1.1" 304 -
::1 - - [26/Feb/2026 19:47:50] "GET /assets/drag-follower-CaHV_THh.js HTTP/1.1" 304 -
::1 - - [26/Feb/2026 19:47:50] "GET /assets/uptown-showcase-SvDi3Pul.mp4 HTTP/1.1" 200 -
::1 - - [26/Feb/2026 21:02:55] "GET /assets/uptown-showcase-SvDi3Pul.mp4 HTTP/1.1" 200 -
